<?xml version="1.0" encoding="UTF-8"?>
<!-- Generated by org.testng.reporters.JUnitReportReporter -->
<testsuite hostname="Cnu" name="com.DataDrivenTest.LogInTest" tests="1" failures="0" timestamp="19 Mar 2019 03:15:16 GMT" time="17.432" errors="0">
  <testcase name="logIn" time="17.432" classname="com.DataDrivenTest.LogInTest"/>
</testsuite> <!-- com.DataDrivenTest.LogInTest -->
