<?xml version="1.0" encoding="UTF-8"?>
<!-- Generated by org.testng.reporters.JUnitReportReporter -->
<testsuite hostname="Cnu" name="com.GRID.NewTours_LogInTest" tests="2" failures="0" timestamp="27 Mar 2019 02:45:13 GMT" time="42.922" errors="0">
  <testcase name="orangeHRM_LogInTest" time="24.297" classname="com.GRID.NewTours_LogInTest"/>
  <testcase name="orangeHRM_LogInTest" time="18.625" classname="com.GRID.NewTours_LogInTest"/>
</testsuite> <!-- com.GRID.NewTours_LogInTest -->
