<?xml version="1.0" encoding="UTF-8"?>
<!-- Generated by org.testng.reporters.JUnitReportReporter -->
<testsuite hostname="Cnu" name="com.KeyWord.NewTours_LogInTest" tests="1" failures="0" timestamp="20 Mar 2019 02:58:56 GMT" time="5.350" errors="0">
  <testcase name="logIn" time="5.350" classname="com.KeyWord.NewTours_LogInTest"/>
</testsuite> <!-- com.KeyWord.NewTours_LogInTest -->
