<?xml version="1.0" encoding="UTF-8"?>
<!-- Generated by org.testng.reporters.JUnitReportReporter -->
<testsuite hostname="Cnu" name="com.DataDriven.OHRM_LogInTest" tests="1" failures="0" timestamp="19 Mar 2019 02:35:57 GMT" time="39.818" errors="0">
  <testcase name="logIn" time="39.818" classname="com.DataDriven.OHRM_LogInTest"/>
</testsuite> <!-- com.DataDriven.OHRM_LogInTest -->
