<?xml version="1.0" encoding="UTF-8"?>
<!-- Generated by org.testng.reporters.JUnitReportReporter -->
<testsuite hostname="Cnu" name="com.OHRM.TestScripts.LogInTest" tests="1" failures="0" timestamp="20 Mar 2019 03:13:30 GMT" time="13.825" errors="0">
  <testcase name="logIn" time="13.825" classname="com.OHRM.TestScripts.LogInTest"/>
</testsuite> <!-- com.OHRM.TestScripts.LogInTest -->
