<?xml version="1.0" encoding="UTF-8"?>
<!-- Generated by org.testng.reporters.JUnitReportReporter -->
<testsuite hostname="Cnu" name="com.POM.NewTours_WelComeMercuryTours" tests="1" failures="0" timestamp="22 Mar 2019 03:06:50 GMT" time="17.919" errors="0">
  <testcase name="homePage" time="17.919" classname="com.POM.NewTours_WelComeMercuryTours"/>
</testsuite> <!-- com.POM.NewTours_WelComeMercuryTours -->
